[2016-04-27 09:41:00] /shop/index.php?act=goods&op=addbrowse&gid=105405 ( act=goods&op=addbrowse ) 
ERR: Db Error: Unknown column 'gc_id_3' in 'field list'
INSERT INTO `wantease_goods_browse` (goods_id,member_id,browsetime,gc_id,gc_id_1,gc_id_2,gc_id_3) VALUES ('105405','297','1461721260','1434','1058','1108','1434')
[2016-04-27 09:41:12] /shop/index.php?act=goods&op=addbrowse&gid=105413 ( act=goods&op=addbrowse ) 
ERR: Db Error: Unknown column 'gc_id_3' in 'field list'
INSERT INTO `wantease_goods_browse` (goods_id,member_id,browsetime,gc_id,gc_id_1,gc_id_2,gc_id_3) VALUES ('105413','297','1461721272','1406','1058','1094','1406')
[2016-04-27 10:58:51] /shop/index.php?act=goods&op=addbrowse&gid=105572 ( act=goods&op=addbrowse ) 
ERR: Db Error: Unknown column 'gc_id_3' in 'field list'
INSERT INTO `wantease_goods_browse` (goods_id,member_id,browsetime,gc_id,gc_id_1,gc_id_2,gc_id_3) VALUES ('105572','18','1461725931','62','1','6','62')
[2016-04-27 10:58:56] /shop/index.php?act=goods&op=addbrowse&gid=105571 ( act=goods&op=addbrowse ) 
ERR: Db Error: Unknown column 'gc_id_3' in 'field list'
INSERT INTO `wantease_goods_browse` (goods_id,member_id,browsetime,gc_id,gc_id_1,gc_id_2,gc_id_3) VALUES ('105571','18','1461725936','62','1','6','62')
[2016-04-27 11:07:32] /shop/index.php?act=goods&op=addbrowse&gid=105198 ( act=goods&op=addbrowse ) 
ERR: Db Error: Unknown column 'gc_id_3' in 'field list'
INSERT INTO `wantease_goods_browse` (goods_id,member_id,browsetime,gc_id,gc_id_1,gc_id_2,gc_id_3) VALUES ('105198','302','1461726452','62','1','6','62')
[2016-04-27 11:08:09] /shop/index.php?act=goods&op=addbrowse&gid=105675 ( act=goods&op=addbrowse ) 
ERR: Db Error: Unknown column 'gc_id_3' in 'field list'
INSERT INTO `wantease_goods_browse` (goods_id,member_id,browsetime,gc_id,gc_id_1,gc_id_2,gc_id_3) VALUES ('105675','302','1461726489','13','1','4','13')
[2016-04-27 11:14:59] /shop/index.php?act=goods&op=addbrowse&gid=105300 ( act=goods&op=addbrowse ) 
ERR: Db Error: Unknown column 'gc_id_3' in 'field list'
INSERT INTO `wantease_goods_browse` (goods_id,member_id,browsetime,gc_id,gc_id_1,gc_id_2,gc_id_3) VALUES ('105300','302','1461726899','1510','470','1273','1510')
[2016-04-27 11:28:27] /shop/index.php?act=goods&op=addbrowse&gid=103758 ( act=goods&op=addbrowse ) 
ERR: Db Error: Unknown column 'gc_id_3' in 'field list'
INSERT INTO `wantease_goods_browse` (goods_id,member_id,browsetime,gc_id,gc_id_1,gc_id_2,gc_id_3) VALUES ('103758','302','1461727707','1095','1','1079','1095')
[2016-04-27 11:30:07] /shop/index.php?act=goods&op=addbrowse&gid=101159 ( act=goods&op=addbrowse ) 
ERR: Db Error: Unknown column 'gc_id_3' in 'field list'
INSERT INTO `wantease_goods_browse` (goods_id,member_id,browsetime,gc_id,gc_id_1,gc_id_2,gc_id_3) VALUES ('101159','302','1461727807','19','1','4','19')
[2016-04-27 11:32:43] /shop/index.php?act=goods&op=addbrowse&gid=105675 ( act=goods&op=addbrowse ) 
ERR: Db Error: Unknown column 'gc_id_3' in 'field list'
INSERT INTO `wantease_goods_browse` (goods_id,member_id,browsetime,gc_id,gc_id_1,gc_id_2,gc_id_3) VALUES ('105675','302','1461727963','13','1','4','13')
[2016-04-27 12:16:29] /mobile1/index.php?act=cms_like&op=like_save&key=e64a3dbcbf96e0523474da4d6f6ddbc7&article_id=58 ( act=cms_like&op=like_save ) 
ERR: Db Error: Table 'wanyi2.wantease_cms' doesn't exist
UPDATE `wantease_cms` SET like_count=like_count+1 WHERE ( article_id = '58' )
[2016-04-27 12:16:31] /mobile1/index.php?act=cms_like&op=like_save&key=e64a3dbcbf96e0523474da4d6f6ddbc7&article_id=58 ( act=cms_like&op=like_save ) 
ERR: Db Error: Table 'wanyi2.wantease_cms' doesn't exist
UPDATE `wantease_cms` SET like_count=like_count+1 WHERE ( article_id = '58' )
[2016-04-27 12:16:32] /mobile1/index.php?act=cms_like&op=like_save&key=e64a3dbcbf96e0523474da4d6f6ddbc7&article_id=58 ( act=cms_like&op=like_save ) 
ERR: Db Error: Table 'wanyi2.wantease_cms' doesn't exist
UPDATE `wantease_cms` SET like_count=like_count+1 WHERE ( article_id = '58' )
[2016-04-27 12:16:38] /mobile1/index.php?act=cms_like&op=like_save&key=e64a3dbcbf96e0523474da4d6f6ddbc7&article_id=58 ( act=cms_like&op=like_save ) 
ERR: Db Error: Table 'wanyi2.wantease_cms' doesn't exist
UPDATE `wantease_cms` SET like_count=like_count+1 WHERE ( article_id = '58' )
[2016-04-27 12:16:58] /mobile1/index.php?act=cms_like&op=like_save&key=e64a3dbcbf96e0523474da4d6f6ddbc7&article_id=58 ( act=cms_like&op=like_save ) 
ERR: Db Error: Table 'wanyi2.wantease_cms' doesn't exist
UPDATE `wantease_cms` SET like_count=like_count+1 WHERE ( article_id = '58' )
[2016-04-27 12:17:02] /mobile1/index.php?act=cms_like&op=like_save&key=e64a3dbcbf96e0523474da4d6f6ddbc7&article_id=58 ( act=cms_like&op=like_save ) 
ERR: Db Error: Table 'wanyi2.wantease_cms' doesn't exist
UPDATE `wantease_cms` SET like_count=like_count+1 WHERE ( article_id = '58' )
[2016-04-27 12:17:54] /mobile1/index.php?act=cms_like&op=like_save&key=e64a3dbcbf96e0523474da4d6f6ddbc7&article_id=58 ( act=cms_like&op=like_save ) 
ERR: Db Error: Table 'wanyi2.wantease_cms' doesn't exist
UPDATE `wantease_cms` SET like_count=like_count+1 WHERE ( article_id = '58' )
[2016-04-27 12:17:59] /mobile1/index.php?act=cms_like&op=like_save&key=e64a3dbcbf96e0523474da4d6f6ddbc7&article_id=58 ( act=cms_like&op=like_save ) 
ERR: Db Error: Table 'wanyi2.wantease_cms' doesn't exist
UPDATE `wantease_cms` SET like_count=like_count+1 WHERE ( article_id = '58' )
[2016-04-27 12:32:23] /mobile1/index.php?act=cms_like&op=like_save&key=e64a3dbcbf96e0523474da4d6f6ddbc7&article_id=58 ( act=cms_like&op=like_save ) 
ERR: Db Error: Table 'wanyi2.wantease_cms' doesn't exist
UPDATE `wantease_cms` SET like_count=like_count+1 WHERE ( article_id = '58' )
[2016-04-27 12:32:24] /mobile1/index.php?act=cms_like&op=like_save&key=e64a3dbcbf96e0523474da4d6f6ddbc7&article_id=58 ( act=cms_like&op=like_save ) 
ERR: Db Error: Table 'wanyi2.wantease_cms' doesn't exist
UPDATE `wantease_cms` SET like_count=like_count+1 WHERE ( article_id = '58' )
[2016-04-27 12:32:26] /mobile1/index.php?act=cms_like&op=like_save&key=e64a3dbcbf96e0523474da4d6f6ddbc7&article_id=58 ( act=cms_like&op=like_save ) 
ERR: Db Error: Table 'wanyi2.wantease_cms' doesn't exist
UPDATE `wantease_cms` SET like_count=like_count+1 WHERE ( article_id = '58' )
[2016-04-27 12:32:28] /mobile1/index.php?act=cms_like&op=like_save&key=e64a3dbcbf96e0523474da4d6f6ddbc7&article_id=58 ( act=cms_like&op=like_save ) 
ERR: Db Error: Table 'wanyi2.wantease_cms' doesn't exist
UPDATE `wantease_cms` SET like_count=like_count+1 WHERE ( article_id = '58' )
[2016-04-27 12:32:33] /mobile1/index.php?act=cms_like&op=like_save&key=e64a3dbcbf96e0523474da4d6f6ddbc7&article_id=8 ( act=cms_like&op=like_save ) 
ERR: Db Error: Table 'wanyi2.wantease_cms' doesn't exist
UPDATE `wantease_cms` SET like_count=like_count+1 WHERE ( article_id = '8' )
[2016-04-27 12:32:34] /mobile1/index.php?act=cms_like&op=like_save&key=e64a3dbcbf96e0523474da4d6f6ddbc7&article_id=8 ( act=cms_like&op=like_save ) 
ERR: Db Error: Table 'wanyi2.wantease_cms' doesn't exist
UPDATE `wantease_cms` SET like_count=like_count+1 WHERE ( article_id = '8' )
[2016-04-27 12:32:34] /mobile1/index.php?act=cms_like&op=like_save&key=e64a3dbcbf96e0523474da4d6f6ddbc7&article_id=8 ( act=cms_like&op=like_save ) 
ERR: Db Error: Table 'wanyi2.wantease_cms' doesn't exist
UPDATE `wantease_cms` SET like_count=like_count+1 WHERE ( article_id = '8' )
[2016-04-27 12:32:35] /mobile1/index.php?act=cms_like&op=like_save&key=e64a3dbcbf96e0523474da4d6f6ddbc7&article_id=8 ( act=cms_like&op=like_save ) 
ERR: Db Error: Table 'wanyi2.wantease_cms' doesn't exist
UPDATE `wantease_cms` SET like_count=like_count+1 WHERE ( article_id = '8' )
[2016-04-27 12:32:35] /mobile1/index.php?act=cms_like&op=like_save&key=e64a3dbcbf96e0523474da4d6f6ddbc7&article_id=8 ( act=cms_like&op=like_save ) 
ERR: Db Error: Table 'wanyi2.wantease_cms' doesn't exist
UPDATE `wantease_cms` SET like_count=like_count+1 WHERE ( article_id = '8' )
[2016-04-27 12:32:36] /mobile1/index.php?act=cms_like&op=like_save&key=e64a3dbcbf96e0523474da4d6f6ddbc7&article_id=8 ( act=cms_like&op=like_save ) 
ERR: Db Error: Table 'wanyi2.wantease_cms' doesn't exist
UPDATE `wantease_cms` SET like_count=like_count+1 WHERE ( article_id = '8' )
[2016-04-27 15:13:54] /shop/index.php?act=goods&op=addbrowse&gid=104453 ( act=goods&op=addbrowse ) 
ERR: Db Error: Unknown column 'gc_id_3' in 'field list'
INSERT INTO `wantease_goods_browse` (goods_id,member_id,browsetime,gc_id,gc_id_1,gc_id_2,gc_id_3) VALUES ('104453','231','1461741234','1434','1058','1108','1434')
[2016-04-27 15:14:10] /shop/index.php?act=goods&op=addbrowse&gid=104509 ( act=goods&op=addbrowse ) 
ERR: Db Error: Unknown column 'gc_id_3' in 'field list'
INSERT INTO `wantease_goods_browse` (goods_id,member_id,browsetime,gc_id,gc_id_1,gc_id_2,gc_id_3) VALUES ('104509','231','1461741250','1516','1058','1515','1516')
[2016-04-27 15:14:19] /shop/index.php?act=goods&op=addbrowse&gid=104458 ( act=goods&op=addbrowse ) 
ERR: Db Error: Unknown column 'gc_id_3' in 'field list'
INSERT INTO `wantease_goods_browse` (goods_id,member_id,browsetime,gc_id,gc_id_1,gc_id_2,gc_id_3) VALUES ('104458','231','1461741259','1344','1058','1108','1344')
[2016-04-27 15:14:37] /shop/index.php?act=goods&op=addbrowse&gid=104436 ( act=goods&op=addbrowse ) 
ERR: Db Error: Unknown column 'gc_id_3' in 'field list'
INSERT INTO `wantease_goods_browse` (goods_id,member_id,browsetime,gc_id,gc_id_1,gc_id_2,gc_id_3) VALUES ('104436','231','1461741277','1344','1058','1108','1344')
[2016-04-27 15:14:46] /shop/index.php?act=goods&op=addbrowse&gid=104437 ( act=goods&op=addbrowse ) 
ERR: Db Error: Unknown column 'gc_id_3' in 'field list'
INSERT INTO `wantease_goods_browse` (goods_id,member_id,browsetime,gc_id,gc_id_1,gc_id_2,gc_id_3) VALUES ('104437','231','1461741286','1344','1058','1108','1344')
[2016-04-27 15:15:14] /shop/index.php?act=goods&op=addbrowse&gid=103734 ( act=goods&op=addbrowse ) 
ERR: Db Error: Unknown column 'gc_id_3' in 'field list'
INSERT INTO `wantease_goods_browse` (goods_id,member_id,browsetime,gc_id,gc_id_1,gc_id_2,gc_id_3) VALUES ('103734','231','1461741314','1075','470','1075','0')
[2016-04-27 15:16:27] /shop/index.php?act=goods&op=addbrowse&gid=104130 ( act=goods&op=addbrowse ) 
ERR: Db Error: Unknown column 'gc_id_3' in 'field list'
INSERT INTO `wantease_goods_browse` (goods_id,member_id,browsetime,gc_id,gc_id_1,gc_id_2,gc_id_3) VALUES ('104130','231','1461741387','624','593','597','624')
[2016-04-27 15:16:38] /shop/index.php?act=goods&op=addbrowse&gid=101860 ( act=goods&op=addbrowse ) 
ERR: Db Error: Unknown column 'gc_id_3' in 'field list'
INSERT INTO `wantease_goods_browse` (goods_id,member_id,browsetime,gc_id,gc_id_1,gc_id_2,gc_id_3) VALUES ('101860','231','1461741398','624','593','597','624')
[2016-04-27 15:54:09] /shop/index.php?act=login ( act=login&op=index ) 
ERR: Db Error: Unknown column 'gc_id_3' in 'field list'
INSERT INTO `wantease_goods_browse` (goods_id,member_id,browsetime,gc_id,gc_id_1,gc_id_2,gc_id_3) VALUES ('105434','362','1461743621','13','1','4','13')
[2016-04-27 16:18:38] /shop/index.php?act=goods&op=addbrowse&gid=105346 ( act=goods&op=addbrowse ) 
ERR: Db Error: Unknown column 'gc_id_3' in 'field list'
INSERT INTO `wantease_goods_browse` (goods_id,member_id,browsetime,gc_id,gc_id_1,gc_id_2,gc_id_3) VALUES ('105346','306','1461745118','1061','593','1061','0')
[2016-04-27 16:18:40] /shop/index.php?act=goods&op=addbrowse&gid=105351 ( act=goods&op=addbrowse ) 
ERR: Db Error: Unknown column 'gc_id_3' in 'field list'
INSERT INTO `wantease_goods_browse` (goods_id,member_id,browsetime,gc_id,gc_id_1,gc_id_2,gc_id_3) VALUES ('105351','306','1461745120','607','593','594','607')
[2016-04-27 16:18:42] /shop/index.php?act=goods&op=addbrowse&gid=105337 ( act=goods&op=addbrowse ) 
ERR: Db Error: Unknown column 'gc_id_3' in 'field list'
INSERT INTO `wantease_goods_browse` (goods_id,member_id,browsetime,gc_id,gc_id_1,gc_id_2,gc_id_3) VALUES ('105337','306','1461745122','607','593','594','607')
[2016-04-27 17:23:19] /shop/index.php?act=goods&op=addbrowse&gid=105299 ( act=goods&op=addbrowse ) 
ERR: Db Error: Unknown column 'gc_id_3' in 'field list'
INSERT INTO `wantease_goods_browse` (goods_id,member_id,browsetime,gc_id,gc_id_1,gc_id_2,gc_id_3) VALUES ('105299','373','1461748999','62','1','6','62')
[2016-04-27 18:56:38] /shop/index.php?act=goods&op=addbrowse&gid=105376 ( act=goods&op=addbrowse ) 
ERR: Db Error: Unknown column 'gc_id_3' in 'field list'
INSERT INTO `wantease_goods_browse` (goods_id,member_id,browsetime,gc_id,gc_id_1,gc_id_2,gc_id_3) VALUES ('105376','306','1461754598','664','662','664','0')
