[2016-05-23 08:58:01] /shop/index.php?act=goods&op=addbrowse&gid=104507 ( act=goods&op=addbrowse ) 
ERR: Db Error: Unknown column 'gc_id_3' in 'field list'
INSERT INTO `wantease_goods_browse` (goods_id,member_id,browsetime,gc_id,gc_id_1,gc_id_2,gc_id_3) VALUES ('104507','362','1463965081','14','1','4','14')
[2016-05-23 10:10:02] /shop/index.php?act=goods&op=addbrowse&gid=106863 ( act=goods&op=addbrowse ) 
ERR: Db Error: Unknown column 'gc_id_3' in 'field list'
INSERT INTO `wantease_goods_browse` (goods_id,member_id,browsetime,gc_id,gc_id_1,gc_id_2,gc_id_3) VALUES ('106863','29','1463969402','1530','1526','1530','0')
[2016-05-23 11:53:07] /shop/index.php?act=goods&op=addbrowse&gid=106815 ( act=goods&op=addbrowse ) 
ERR: Db Error: Unknown column 'gc_id_3' in 'field list'
INSERT INTO `wantease_goods_browse` (goods_id,member_id,browsetime,gc_id,gc_id_1,gc_id_2,gc_id_3) VALUES ('106815','495','1463975587','62','1','6','62')
[2016-05-23 11:53:27] /shop/index.php?act=goods&op=addbrowse&gid=100877 ( act=goods&op=addbrowse ) 
ERR: Db Error: Unknown column 'gc_id_3' in 'field list'
INSERT INTO `wantease_goods_browse` (goods_id,member_id,browsetime,gc_id,gc_id_1,gc_id_2,gc_id_3) VALUES ('100877','495','1463975607','1075','470','1075','0')
[2016-05-23 11:53:34] /shop/index.php?act=goods&op=addbrowse&gid=104141 ( act=goods&op=addbrowse ) 
ERR: Db Error: Unknown column 'gc_id_3' in 'field list'
INSERT INTO `wantease_goods_browse` (goods_id,member_id,browsetime,gc_id,gc_id_1,gc_id_2,gc_id_3) VALUES ('104141','495','1463975614','13','1','4','13')
[2016-05-23 11:54:16] /shop/index.php?act=goods&op=addbrowse&gid=106880 ( act=goods&op=addbrowse ) 
ERR: Db Error: Unknown column 'gc_id_3' in 'field list'
INSERT INTO `wantease_goods_browse` (goods_id,member_id,browsetime,gc_id,gc_id_1,gc_id_2,gc_id_3) VALUES ('106880','495','1463975656','668','662','668','0')
[2016-05-23 11:54:29] /shop/index.php?act=goods&op=addbrowse&gid=106879 ( act=goods&op=addbrowse ) 
ERR: Db Error: Unknown column 'gc_id_3' in 'field list'
INSERT INTO `wantease_goods_browse` (goods_id,member_id,browsetime,gc_id,gc_id_1,gc_id_2,gc_id_3) VALUES ('106879','495','1463975669','668','662','668','0')
[2016-05-23 11:54:31] /shop/index.php?act=goods&op=addbrowse&gid=106880 ( act=goods&op=addbrowse ) 
ERR: Db Error: Unknown column 'gc_id_3' in 'field list'
INSERT INTO `wantease_goods_browse` (goods_id,member_id,browsetime,gc_id,gc_id_1,gc_id_2,gc_id_3) VALUES ('106880','495','1463975671','668','662','668','0')
[2016-05-23 11:55:22] /shop/index.php?act=goods&op=addbrowse&gid=106538 ( act=goods&op=addbrowse ) 
ERR: Db Error: Unknown column 'gc_id_3' in 'field list'
INSERT INTO `wantease_goods_browse` (goods_id,member_id,browsetime,gc_id,gc_id_1,gc_id_2,gc_id_3) VALUES ('106538','495','1463975722','1075','470','1075','0')
[2016-05-23 11:56:02] /shop/index.php?act=goods&op=addbrowse&gid=105378 ( act=goods&op=addbrowse ) 
ERR: Db Error: Unknown column 'gc_id_3' in 'field list'
INSERT INTO `wantease_goods_browse` (goods_id,member_id,browsetime,gc_id,gc_id_1,gc_id_2,gc_id_3) VALUES ('105378','495','1463975762','1075','470','1075','0')
[2016-05-23 11:56:36] /shop/index.php?act=goods&op=addbrowse&gid=105379 ( act=goods&op=addbrowse ) 
ERR: Db Error: Unknown column 'gc_id_3' in 'field list'
INSERT INTO `wantease_goods_browse` (goods_id,member_id,browsetime,gc_id,gc_id_1,gc_id_2,gc_id_3) VALUES ('105379','495','1463975796','1075','470','1075','0')
[2016-05-23 11:56:39] /shop/index.php?act=goods&op=addbrowse&gid=105380 ( act=goods&op=addbrowse ) 
ERR: Db Error: Unknown column 'gc_id_3' in 'field list'
INSERT INTO `wantease_goods_browse` (goods_id,member_id,browsetime,gc_id,gc_id_1,gc_id_2,gc_id_3) VALUES ('105380','495','1463975799','1075','470','1075','0')
[2016-05-23 11:56:44] /shop/index.php?act=goods&op=addbrowse&gid=102587 ( act=goods&op=addbrowse ) 
ERR: Db Error: Unknown column 'gc_id_3' in 'field list'
INSERT INTO `wantease_goods_browse` (goods_id,member_id,browsetime,gc_id,gc_id_1,gc_id_2,gc_id_3) VALUES ('102587','495','1463975804','1075','470','1075','0')
[2016-05-23 11:57:31] /shop/index.php?act=goods&op=addbrowse&gid=101548 ( act=goods&op=addbrowse ) 
ERR: Db Error: Unknown column 'gc_id_3' in 'field list'
INSERT INTO `wantease_goods_browse` (goods_id,member_id,browsetime,gc_id,gc_id_1,gc_id_2,gc_id_3) VALUES ('101548','495','1463975851','62','1','11','0')
[2016-05-23 16:15:33] /api/index.php?act=micro_like&op=like_drop&key=f6ff35ee04bfe9f02e994c4fb6a3554c&like_id=168 ( act=micro_like&op=like_drop ) 
ERR: Db Error: Unknown column 'like_object_id' in 'where clause'
SELECT * FROM `wantease_micro_personal` WHERE ( like_object_id = '168' ) LIMIT 1  
[2016-05-23 16:15:52] /api/index.php?act=micro_like&op=like_drop&key=f6ff35ee04bfe9f02e994c4fb6a3554c&like_id=168 ( act=micro_like&op=like_drop ) 
ERR: Db Error: Unknown column 'like_object_id' in 'where clause'
SELECT * FROM `wantease_micro_personal` WHERE ( like_object_id = '168' ) LIMIT 1  
[2016-05-23 16:16:06] /api/index.php?act=micro_like&op=like_drop&key=f6ff35ee04bfe9f02e994c4fb6a3554c&like_id=168 ( act=micro_like&op=like_drop ) 
ERR: Db Error: Unknown column 'like_object_id' in 'where clause'
SELECT * FROM `wantease_micro_personal` WHERE ( like_object_id = '168' ) LIMIT 1  
[2016-05-23 16:22:57] /shop/index.php?act=goods&op=addbrowse&gid=102321 ( act=goods&op=addbrowse ) 
ERR: Db Error: Unknown column 'gc_id_3' in 'field list'
INSERT INTO `wantease_goods_browse` (goods_id,member_id,browsetime,gc_id,gc_id_1,gc_id_2,gc_id_3) VALUES ('102321','495','1463991777','119','1','6','59')
[2016-05-23 16:23:19] /shop/index.php?act=goods&op=addbrowse&gid=102321 ( act=goods&op=addbrowse ) 
ERR: Db Error: Unknown column 'gc_id_3' in 'field list'
INSERT INTO `wantease_goods_browse` (goods_id,member_id,browsetime,gc_id,gc_id_1,gc_id_2,gc_id_3) VALUES ('102321','495','1463991799','119','1','6','59')
[2016-05-23 16:23:23] /shop/index.php?act=goods&op=addbrowse&gid=105977 ( act=goods&op=addbrowse ) 
ERR: Db Error: Unknown column 'gc_id_3' in 'field list'
INSERT INTO `wantease_goods_browse` (goods_id,member_id,browsetime,gc_id,gc_id_1,gc_id_2,gc_id_3) VALUES ('105977','495','1463991803','668','662','668','0')
[2016-05-23 16:23:36] /shop/index.php?act=goods&op=addbrowse&gid=105977 ( act=goods&op=addbrowse ) 
ERR: Db Error: Unknown column 'gc_id_3' in 'field list'
INSERT INTO `wantease_goods_browse` (goods_id,member_id,browsetime,gc_id,gc_id_1,gc_id_2,gc_id_3) VALUES ('105977','495','1463991816','668','662','668','0')
[2016-05-23 16:24:15] /shop/index.php?act=goods&op=addbrowse&gid=104588 ( act=goods&op=addbrowse ) 
ERR: Db Error: Unknown column 'gc_id_3' in 'field list'
INSERT INTO `wantease_goods_browse` (goods_id,member_id,browsetime,gc_id,gc_id_1,gc_id_2,gc_id_3) VALUES ('104588','495','1463991855','1309','1','6','1309')
[2016-05-23 16:25:03] /shop/index.php?act=goods&op=addbrowse&gid=104141 ( act=goods&op=addbrowse ) 
ERR: Db Error: Unknown column 'gc_id_3' in 'field list'
INSERT INTO `wantease_goods_browse` (goods_id,member_id,browsetime,gc_id,gc_id_1,gc_id_2,gc_id_3) VALUES ('104141','495','1463991903','13','1','4','13')
[2016-05-23 16:31:25] /shop/index.php?act=goods&op=addbrowse&gid=106880 ( act=goods&op=addbrowse ) 
ERR: Db Error: Unknown column 'gc_id_3' in 'field list'
INSERT INTO `wantease_goods_browse` (goods_id,member_id,browsetime,gc_id,gc_id_1,gc_id_2,gc_id_3) VALUES ('106880','495','1463992285','668','662','668','0')
[2016-05-23 16:35:33] /shop/index.php?act=goods&op=addbrowse&gid=102587 ( act=goods&op=addbrowse ) 
ERR: Db Error: Unknown column 'gc_id_3' in 'field list'
INSERT INTO `wantease_goods_browse` (goods_id,member_id,browsetime,gc_id,gc_id_1,gc_id_2,gc_id_3) VALUES ('102587','495','1463992533','1075','470','1075','0')
[2016-05-23 16:38:46] /shop/index.php?act=pointcart&op=step2 ( act=pointcart&op=step2 ) 
ERR: Db Error: Column 'point_telphone' cannot be null
INSERT  INTO `wantease_points_orderaddress` (point_orderid,point_truename,point_areaid,point_areainfo,point_address,point_zipcode,point_telphone,point_mobphone) VALUES ('4','LI','3036','广东省	广州市	萝岗区','1','',NULL,'13632499177')
[2016-05-23 17:51:25] /shop/index.php?act=login&op=usersave ( act=login&op=usersave ) 
ERR: Db Error: Unknown column 'gc_id_3' in 'field list'
INSERT INTO `wantease_goods_browse` (goods_id,member_id,browsetime,gc_id,gc_id_1,gc_id_2,gc_id_3) VALUES ('106458','499','1463996769','13','1','4','13'),('106812','499','1463996790','62','1','6','62')
