[ 2015-12-17T23:32:18+08:00 ] 14.29.178.205 /index.php?g=System&m=Clear&a=index&pid=211&level=3
INFO: [ app_begin ] --START--
INFO: Run ReadHtmlCache Behavior [ RunTime:0.000348s ]
INFO: [ app_begin ] --END-- [ RunTime:0.000415s ]
NOTIC: [8] Constant STATICS already defined /var/www/html/wx/PigCms/Lib/Action/BaseAction.class.php 第 158 行.
INFO: [ view_template ] --START--
INFO: Run LocationTemplate Behavior [ RunTime:-0.013085s ]
INFO: [ view_template ] --END-- [ RunTime:0.000268s ]
INFO: [ view_parse ] --START--
NOTIC: [2] file_get_contents(./tpl/System/Public/footer.html): failed to open stream: No such file or directory /var/www/html/wx/Lib/Template/ThinkTemplate.class.php 第 624 行.
INFO: Run ParseTemplate Behavior [ RunTime:-0.013395s ]
INFO: [ view_parse ] --END-- [ RunTime:0.005884s ]
INFO: [ view_filter ] --START--
INFO: Run ContentReplace Behavior [ RunTime:-0.019340s ]
INFO: Run TokenBuild Behavior [ RunTime:-0.019575s ]
INFO: Run WriteHtmlCache Behavior [ RunTime:-0.019839s ]
INFO: Run ShowRuntime Behavior [ RunTime:-0.019994s ]
INFO: [ view_filter ] --END-- [ RunTime:0.001004s ]
NOTIC: [2] unlink(./Conf/logs/Temp/1/6/165a0b7df1553d44e01228f0b32bb86c.php): No such file or directory /var/www/html/wx/Lib/Driver/Cache/CacheFile.class.php 第 176 行.
NOTIC: [8] Undefined variable: word_array /var/www/html/wx/PigCms/Lib/ORG/Susceptible.class.php 第 45 行.
NOTIC: [8] Undefined variable: xing_array /var/www/html/wx/PigCms/Lib/ORG/Susceptible.class.php 第 45 行.
INFO: [ view_end ] --START--
INFO: Run ShowPageTrace Behavior [ RunTime:-0.023302s ]
INFO: [ view_end ] --END-- [ RunTime:0.000454s ]
INFO: [ app_end ] --START--
INFO: Run AccessCount Behavior [ RunTime:-0.023771s ]
INFO: [ app_end ] --END-- [ RunTime:0.000231s ]

[ 2015-12-17T23:32:19+08:00 ] 14.29.178.205 /index.php?g=System&m=Clear&a=delc
INFO: [ app_begin ] --START--
INFO: Run ReadHtmlCache Behavior [ RunTime:0.000340s ]
INFO: [ app_begin ] --END-- [ RunTime:0.000409s ]
NOTIC: [8] Constant STATICS already defined /var/www/html/wx/PigCms/Lib/Action/BaseAction.class.php 第 158 行.
NOTIC: [2] opendir(./conf/logs/Cache): failed to open dir: No such file or directory /var/www/html/wx/PigCms/Lib/Action/System/ClearAction.class.php 第 84 行.
NOTIC: [2] readdir() expects parameter 1 to be resource, boolean given /var/www/html/wx/PigCms/Lib/Action/System/ClearAction.class.php 第 85 行.
NOTIC: [2] closedir() expects parameter 1 to be resource, boolean given /var/www/html/wx/PigCms/Lib/Action/System/ClearAction.class.php 第 96 行.
INFO: [ view_template ] --START--
INFO: Run LocationTemplate Behavior [ RunTime:-0.013506s ]
INFO: [ view_template ] --END-- [ RunTime:0.000284s ]
INFO: [ view_parse ] --START--
INFO: Run ParseTemplate Behavior [ RunTime:-0.013825s ]
INFO: [ view_parse ] --END-- [ RunTime:0.006667s ]
INFO: [ view_filter ] --START--
INFO: Run ContentReplace Behavior [ RunTime:-0.020533s ]
INFO: Run TokenBuild Behavior [ RunTime:-0.020800s ]
INFO: Run WriteHtmlCache Behavior [ RunTime:-0.021060s ]
INFO: Run ShowRuntime Behavior [ RunTime:-0.021209s ]
INFO: [ view_filter ] --END-- [ RunTime:0.000970s ]
NOTIC: [2] unlink(./Conf/logs/Temp/1/6/165a0b7df1553d44e01228f0b32bb86c.php): No such file or directory /var/www/html/wx/Lib/Driver/Cache/CacheFile.class.php 第 176 行.
NOTIC: [8] Undefined variable: word_array /var/www/html/wx/PigCms/Lib/ORG/Susceptible.class.php 第 45 行.
NOTIC: [8] Undefined variable: xing_array /var/www/html/wx/PigCms/Lib/ORG/Susceptible.class.php 第 45 行.
INFO: [ view_end ] --START--
INFO: Run ShowPageTrace Behavior [ RunTime:-0.024412s ]
INFO: [ view_end ] --END-- [ RunTime:0.000486s ]
INFO: [ app_end ] --START--
INFO: Run AccessCount Behavior [ RunTime:-0.024974s ]
INFO: [ app_end ] --END-- [ RunTime:0.000247s ]

[ 2015-12-17T23:32:20+08:00 ] 14.29.178.205 /index.php?g=System&m=Clear&a=index
INFO: [ app_begin ] --START--
INFO: Run ReadHtmlCache Behavior [ RunTime:0.000375s ]
INFO: [ app_begin ] --END-- [ RunTime:0.000445s ]
NOTIC: [8] Constant STATICS already defined /var/www/html/wx/PigCms/Lib/Action/BaseAction.class.php 第 158 行.
INFO: [ view_template ] --START--
INFO: Run LocationTemplate Behavior [ RunTime:-0.013183s ]
INFO: [ view_template ] --END-- [ RunTime:0.000274s ]
INFO: [ view_parse ] --START--
NOTIC: [2] file_get_contents(./tpl/System/Public/footer.html): failed to open stream: No such file or directory /var/www/html/wx/Lib/Template/ThinkTemplate.class.php 第 624 行.
INFO: Run ParseTemplate Behavior [ RunTime:-0.013489s ]
INFO: [ view_parse ] --END-- [ RunTime:0.005788s ]
INFO: [ view_filter ] --START--
INFO: Run ContentReplace Behavior [ RunTime:-0.019315s ]
INFO: Run TokenBuild Behavior [ RunTime:-0.019557s ]
INFO: Run WriteHtmlCache Behavior [ RunTime:-0.019799s ]
INFO: Run ShowRuntime Behavior [ RunTime:-0.019949s ]
INFO: [ view_filter ] --END-- [ RunTime:0.000969s ]
NOTIC: [2] unlink(./Conf/logs/Temp/1/6/165a0b7df1553d44e01228f0b32bb86c.php): No such file or directory /var/www/html/wx/Lib/Driver/Cache/CacheFile.class.php 第 176 行.
NOTIC: [8] Undefined variable: word_array /var/www/html/wx/PigCms/Lib/ORG/Susceptible.class.php 第 45 行.
NOTIC: [8] Undefined variable: xing_array /var/www/html/wx/PigCms/Lib/ORG/Susceptible.class.php 第 45 行.
INFO: [ view_end ] --START--
INFO: Run ShowPageTrace Behavior [ RunTime:-0.023526s ]
INFO: [ view_end ] --END-- [ RunTime:0.000426s ]
INFO: [ app_end ] --START--
INFO: Run AccessCount Behavior [ RunTime:-0.024013s ]
INFO: [ app_end ] --END-- [ RunTime:0.000258s ]

[ 2015-12-17T23:41:10+08:00 ] 140.207.54.77 /index.php?g=User&m=OpenOauth&a=index&serviceid=1&signature=51361a7ca0d626999194ccebcf4bec2d52f95236&timestamp=1450366870&nonce=1543782816&encrypt_type=aes&msg_signature=09ffcf798e4f8ed91e782485b250a3576e944171
INFO: [ app_begin ] --START--
INFO: Run ReadHtmlCache Behavior [ RunTime:0.000386s ]
INFO: [ app_begin ] --END-- [ RunTime:0.000448s ]
NOTIC: [8] Undefined index: type /var/www/html/wx/PigCms/Lib/Action/User/OpenOauthAction.class.php 第 9 行.
NOTIC: [2] mcrypt_generic_init(): Key size is 0 /var/www/html/wx/PigCms/Lib/ORG/aes/pkcs7Encoder.php 第 115 行.
NOTIC: [2] mcrypt_generic_init(): Iv size incorrect; supplied length: 0, needed: 16 /var/www/html/wx/PigCms/Lib/ORG/aes/pkcs7Encoder.php 第 115 行.
NOTIC: [2] mcrypt_generic_init(): Key length incorrect /var/www/html/wx/PigCms/Lib/ORG/aes/pkcs7Encoder.php 第 115 行.
NOTIC: [2] mdecrypt_generic(): 53 is not a valid MCrypt resource /var/www/html/wx/PigCms/Lib/ORG/aes/pkcs7Encoder.php 第 118 行.
NOTIC: [2] mcrypt_generic_deinit(): 53 is not a valid MCrypt resource /var/www/html/wx/PigCms/Lib/ORG/aes/pkcs7Encoder.php 第 119 行.
NOTIC: [2] mcrypt_module_close(): 53 is not a valid MCrypt resource /var/www/html/wx/PigCms/Lib/ORG/aes/pkcs7Encoder.php 第 120 行.
NOTIC: [8] Uninitialized string offset: 0 /var/www/html/wx/PigCms/Lib/Action/User/OpenOauthAction.class.php 第 28 行.
NOTIC: [8] Uninitialized string offset: 1 /var/www/html/wx/PigCms/Lib/Action/User/OpenOauthAction.class.php 第 32 行.
NOTIC: [2] DOMDocument::loadXML(): Empty string supplied as input /var/www/html/wx/PigCms/Lib/Action/User/OpenOauthAction.class.php 第 34 行.
NOTIC: [8] Trying to get property of non-object /var/www/html/wx/PigCms/Lib/Action/User/OpenOauthAction.class.php 第 36 行.
INFO: [ app_end ] --START--
INFO: Run AccessCount Behavior [ RunTime:-0.010571s ]
INFO: [ app_end ] --END-- [ RunTime:0.002119s ]

[ 2015-12-17T23:51:09+08:00 ] 140.207.54.77 /index.php?g=User&m=OpenOauth&a=index&serviceid=1&signature=b4e86659d6159ce9896df9110bb58e4163a99928&timestamp=1450367469&nonce=1892491643&encrypt_type=aes&msg_signature=7f1c33f1b8f57300948128c419e165058e4eeac7
INFO: [ app_begin ] --START--
INFO: Run ReadHtmlCache Behavior [ RunTime:0.000338s ]
INFO: [ app_begin ] --END-- [ RunTime:0.000410s ]
NOTIC: [8] Undefined index: type /var/www/html/wx/PigCms/Lib/Action/User/OpenOauthAction.class.php 第 9 行.
NOTIC: [2] mcrypt_generic_init(): Key size is 0 /var/www/html/wx/PigCms/Lib/ORG/aes/pkcs7Encoder.php 第 115 行.
NOTIC: [2] mcrypt_generic_init(): Iv size incorrect; supplied length: 0, needed: 16 /var/www/html/wx/PigCms/Lib/ORG/aes/pkcs7Encoder.php 第 115 行.
NOTIC: [2] mcrypt_generic_init(): Key length incorrect /var/www/html/wx/PigCms/Lib/ORG/aes/pkcs7Encoder.php 第 115 行.
NOTIC: [2] mdecrypt_generic(): 53 is not a valid MCrypt resource /var/www/html/wx/PigCms/Lib/ORG/aes/pkcs7Encoder.php 第 118 行.
NOTIC: [2] mcrypt_generic_deinit(): 53 is not a valid MCrypt resource /var/www/html/wx/PigCms/Lib/ORG/aes/pkcs7Encoder.php 第 119 行.
NOTIC: [2] mcrypt_module_close(): 53 is not a valid MCrypt resource /var/www/html/wx/PigCms/Lib/ORG/aes/pkcs7Encoder.php 第 120 行.
NOTIC: [8] Uninitialized string offset: 0 /var/www/html/wx/PigCms/Lib/Action/User/OpenOauthAction.class.php 第 28 行.
NOTIC: [8] Uninitialized string offset: 1 /var/www/html/wx/PigCms/Lib/Action/User/OpenOauthAction.class.php 第 32 行.
NOTIC: [2] DOMDocument::loadXML(): Empty string supplied as input /var/www/html/wx/PigCms/Lib/Action/User/OpenOauthAction.class.php 第 34 行.
NOTIC: [8] Trying to get property of non-object /var/www/html/wx/PigCms/Lib/Action/User/OpenOauthAction.class.php 第 36 行.
INFO: [ app_end ] --START--
INFO: Run AccessCount Behavior [ RunTime:-0.010704s ]
INFO: [ app_end ] --END-- [ RunTime:0.002170s ]

